Arguments: 
  /usr/local/bin/node /usr/local/Cellar/yarn/1.22.10/libexec/bin/yarn.js start

PATH: 
  ./bin:./node_modules/.bin:/Users/yunshine/.pyenv/bin:/Users/yunshine/.rbenv/shims:/Users/yunshine/.rbenv/bin:/usr/local/bin:/usr/bin:/bin:/usr/sbin:/sbin:/usr/local/sbin

Yarn version: 
  1.22.10

Node version: 
  12.19.0

Platform: 
  darwin x64

Trace: 
  SyntaxError: /Users/yunshine/Code/yunshine/Instant-Pot-Recipes/server/package.json: Unexpected token } in JSON at position 220
      at JSON.parse (<anonymous>)
      at /usr/local/Cellar/yarn/1.22.10/libexec/lib/cli.js:1625:59
      at Generator.next (<anonymous>)
      at step (/usr/local/Cellar/yarn/1.22.10/libexec/lib/cli.js:310:30)
      at /usr/local/Cellar/yarn/1.22.10/libexec/lib/cli.js:321:13

npm manifest: 
  {
    "name": "server",
    "version": "1.0.0",
    "description": "",
    "main": "index.js",
    "scripts": {
      "start": "PORT=8080 react-scripts start",
      "build": "react-scripts build",
      "test": "react-scripts test",
    },
    "author": "Yun",
    "license": "ISC",
    "dependencies": {
      "body-parser": "^1.19.0",
      "cors": "^2.8.5",
      "express": "^4.17.1",
      "mongoose": "^5.10.9",
      "nodemon": "^2.0.6"
    }
  }

yarn manifest: 
  No manifest

Lockfile: 
  No lockfile